{"/Users/JulioFuentes/Documents/hrsf119-FEC-team200ok/gallery-modal-overview/client/src/components/App.jsx": {"path":"/Users/JulioFuentes/Documents/hrsf119-FEC-team200ok/gallery-modal-overview/client/src/components/App.jsx","statementMap":{"0":{"start":{"line":6,"column":8},"end":{"line":6,"column":21}},"1":{"start":{"line":7,"column":8},"end":{"line":9,"column":9}},"2":{"start":{"line":11,"column":8},"end":{"line":11,"column":59}},"3":{"start":{"line":16,"column":8},"end":{"line":16,"column":43}},"4":{"start":{"line":17,"column":8},"end":{"line":19,"column":10}},"5":{"start":{"line":23,"column":8},"end":{"line":31,"column":10}},"6":{"start":{"line":25,"column":10},"end":{"line":25,"column":52}},"7":{"start":{"line":26,"column":10},"end":{"line":26,"column":33}},"8":{"start":{"line":29,"column":10},"end":{"line":29,"column":47}},"9":{"start":{"line":30,"column":10},"end":{"line":30,"column":45}},"10":{"start":{"line":35,"column":8},"end":{"line":54,"column":9}}},"fnMap":{"0":{"name":"(anonymous_0)","decl":{"start":{"line":5,"column":4},"end":{"line":5,"column":5}},"loc":{"start":{"line":5,"column":23},"end":{"line":12,"column":5}},"line":5},"1":{"name":"(anonymous_1)","decl":{"start":{"line":15,"column":4},"end":{"line":15,"column":5}},"loc":{"start":{"line":15,"column":20},"end":{"line":20,"column":5}},"line":15},"2":{"name":"(anonymous_2)","decl":{"start":{"line":22,"column":4},"end":{"line":22,"column":5}},"loc":{"start":{"line":22,"column":24},"end":{"line":32,"column":5}},"line":22},"3":{"name":"(anonymous_3)","decl":{"start":{"line":24,"column":14},"end":{"line":24,"column":15}},"loc":{"start":{"line":24,"column":33},"end":{"line":27,"column":9}},"line":24},"4":{"name":"(anonymous_4)","decl":{"start":{"line":28,"column":14},"end":{"line":28,"column":15}},"loc":{"start":{"line":28,"column":31},"end":{"line":31,"column":9}},"line":28},"5":{"name":"(anonymous_5)","decl":{"start":{"line":34,"column":4},"end":{"line":34,"column":5}},"loc":{"start":{"line":34,"column":13},"end":{"line":55,"column":5}},"line":34}},"branchMap":{},"s":{"0":4,"1":4,"2":4,"3":1,"4":1,"5":4,"6":4,"7":4,"8":0,"9":0,"10":5},"f":{"0":4,"1":1,"2":4,"3":4,"4":0,"5":5},"b":{},"_coverageSchema":"43e27e138ebf9cfc5966b082cf9a028302ed4184","hash":"9787f046ad0ba883f89893f279ac1df1374de0ca"}
,"/Users/JulioFuentes/Documents/hrsf119-FEC-team200ok/gallery-modal-overview/client/src/components/Buttons.jsx": {"path":"/Users/JulioFuentes/Documents/hrsf119-FEC-team200ok/gallery-modal-overview/client/src/components/Buttons.jsx","statementMap":{"0":{"start":{"line":3,"column":16},"end":{"line":49,"column":1}},"1":{"start":{"line":4,"column":4},"end":{"line":48,"column":5}}},"fnMap":{"0":{"name":"(anonymous_0)","decl":{"start":{"line":3,"column":16},"end":{"line":3,"column":17}},"loc":{"start":{"line":3,"column":27},"end":{"line":49,"column":1}},"line":3}},"branchMap":{},"s":{"0":1,"1":3},"f":{"0":3},"b":{},"_coverageSchema":"43e27e138ebf9cfc5966b082cf9a028302ed4184","hash":"6f97c68e326c391f39c4e0d4c418b8bbcd6603e2"}
}
