TN:
SF:/Users/JulioFuentes/Documents/hrsf119-FEC-team200ok/gallery-modal-overview/client/src/components/App.jsx
FN:5,(anonymous_0)
FN:15,(anonymous_1)
FN:22,(anonymous_2)
FN:24,(anonymous_3)
FN:28,(anonymous_4)
FN:34,(anonymous_5)
FNF:6
FNH:5
FNDA:4,(anonymous_0)
FNDA:1,(anonymous_1)
FNDA:4,(anonymous_2)
FNDA:4,(anonymous_3)
FNDA:0,(anonymous_4)
FNDA:5,(anonymous_5)
DA:6,4
DA:7,4
DA:11,4
DA:16,1
DA:17,1
DA:23,4
DA:25,4
DA:26,4
DA:29,0
DA:30,0
DA:35,5
LF:11
LH:9
BRF:0
BRH:0
end_of_record
TN:
SF:/Users/JulioFuentes/Documents/hrsf119-FEC-team200ok/gallery-modal-overview/client/src/components/Buttons.jsx
FN:3,(anonymous_0)
FNF:1
FNH:1
FNDA:3,(anonymous_0)
DA:3,1
DA:4,3
LF:2
LH:2
BRF:0
BRH:0
end_of_record
